# JRE version: OpenJDK Runtime Environment (Zulu 8.52.0.23-CA-win64) (8.0_282-b08) (build 1.8.0_282-b08)
# Java VM: OpenJDK 64-Bit Server VM (25.282-b08 mixed mode windows-amd64 compressed oops)
Heap:
 PSYoungGen      total 587776K, used 87041K [0x00000000d5580000, 0x00000000ff300000, 0x0000000100000000)
  eden space 503296K, 10% used [0x00000000d5580000,0x00000000d881b3d0,0x00000000f4100000)
  from space 84480K, 41% used [0x00000000fa080000,0x00000000fc2e5118,0x00000000ff300000)
  to   space 89600K, 0% used [0x00000000f4100000,0x00000000f4100000,0x00000000f9880000)
 ParOldGen       total 525824K, used 440541K [0x0000000080000000, 0x00000000a0180000, 0x00000000d5580000)
  object space 525824K, 83% used [0x0000000080000000,0x000000009ae375e0,0x00000000a0180000)
 Metaspace       used 145018K, capacity 152076K, committed 152320K, reserved 1181696K
  class space    used 18492K, capacity 19833K, committed 19968K, reserved 1048576K
GC Heap History (10 events):
Event: 671.374 GC heap before
{Heap before GC invocations=100 (full 8):
 PSYoungGen      total 574464K, used 501466K [0x00000000d5580000, 0x00000000ff400000, 0x0000000100000000)
  eden space 465920K, 100% used [0x00000000d5580000,0x00000000f1c80000,0x00000000f1c80000)
  from space 108544K, 32% used [0x00000000f1c80000,0x00000000f3f36ba0,0x00000000f8680000)
  to   space 101888K, 0% used [0x00000000f9080000,0x00000000f9080000,0x00000000ff400000)
 ParOldGen       total 525824K, used 387808K [0x0000000080000000, 0x00000000a0180000, 0x00000000d5580000)
  object space 525824K, 73% used [0x0000000080000000,0x0000000097ab8008,0x00000000a0180000)
 Metaspace       used 145006K, capacity 152070K, committed 152320K, reserved 1181696K
  class space    used 18490K, capacity 19832K, committed 19968K, reserved 1048576K
Event: 671.657 GC heap after
Heap after GC invocations=100 (full 8):
 PSYoungGen      total 586752K, used 12161K [0x00000000d5580000, 0x00000000ff280000, 0x0000000100000000)
  eden space 486400K, 0% used [0x00000000d5580000,0x00000000d5580000,0x00000000f3080000)
  from space 100352K, 12% used [0x00000000f9080000,0x00000000f9c60760,0x00000000ff280000)
  to   space 98304K, 0% used [0x00000000f3080000,0x00000000f3080000,0x00000000f9080000)
 ParOldGen       total 525824K, used 411247K [0x0000000080000000, 0x00000000a0180000, 0x00000000d5580000)
  object space 525824K, 78% used [0x0000000080000000,0x000000009919bc00,0x00000000a0180000)
 Metaspace       used 145006K, capacity 152070K, committed 152320K, reserved 1181696K
  class space    used 18490K, capacity 19832K, committed 19968K, reserved 1048576K
}
Event: 672.735 GC heap before
{Heap before GC invocations=101 (full 8):
 PSYoungGen      total 586752K, used 498561K [0x00000000d5580000, 0x00000000ff280000, 0x0000000100000000)
  eden space 486400K, 100% used [0x00000000d5580000,0x00000000f3080000,0x00000000f3080000)
  from space 100352K, 12% used [0x00000000f9080000,0x00000000f9c60760,0x00000000ff280000)
  to   space 98304K, 0% used [0x00000000f3080000,0x00000000f3080000,0x00000000f9080000)
 ParOldGen       total 525824K, used 411248K [0x0000000080000000, 0x00000000a0180000, 0x00000000d5580000)
  object space 525824K, 78% used [0x0000000080000000,0x000000009919c338,0x00000000a0180000)
 Metaspace       used 145011K, capacity 152070K, committed 152320K, reserved 1181696K
  class space    used 18491K, capacity 19832K, committed 19968K, reserved 1048576K
Event: 672.869 GC heap after
Heap after GC invocations=101 (full 8):
 PSYoungGen      total 584704K, used 25165K [0x00000000d5580000, 0x00000000ff300000, 0x0000000100000000)
  eden space 486400K, 0% used [0x00000000d5580000,0x00000000d5580000,0x00000000f3080000)
  from space 98304K, 25% used [0x00000000f3080000,0x00000000f49135f0,0x00000000f9080000)
  to   space 92672K, 0% used [0x00000000f9880000,0x00000000f9880000,0x00000000ff300000)
 ParOldGen       total 525824K, used 416216K [0x0000000080000000, 0x00000000a0180000, 0x00000000d5580000)
  object space 525824K, 79% used [0x0000000080000000,0x0000000099676100,0x00000000a0180000)
 Metaspace       used 145011K, capacity 152070K, committed 152320K, reserved 1181696K
  class space    used 18491K, capacity 19832K, committed 19968K, reserved 1048576K
}
Event: 674.206 GC heap before
{Heap before GC invocations=102 (full 8):
 PSYoungGen      total 584704K, used 511565K [0x00000000d5580000, 0x00000000ff300000, 0x0000000100000000)
  eden space 486400K, 100% used [0x00000000d5580000,0x00000000f3080000,0x00000000f3080000)
  from space 98304K, 25% used [0x00000000f3080000,0x00000000f49135f0,0x00000000f9080000)
  to   space 92672K, 0% used [0x00000000f9880000,0x00000000f9880000,0x00000000ff300000)
 ParOldGen       total 525824K, used 416216K [0x0000000080000000, 0x00000000a0180000, 0x00000000d5580000)
  object space 525824K, 79% used [0x0000000080000000,0x0000000099676100,0x00000000a0180000)
 Metaspace       used 145012K, capacity 152070K, committed 152320K, reserved 1181696K
  class space    used 18491K, capacity 19832K, committed 19968K, reserved 1048576K
Event: 674.382 GC heap after
Heap after GC invocations=102 (full 8):
 PSYoungGen      total 595968K, used 12635K [0x00000000d5580000, 0x00000000ff480000, 0x0000000100000000)
  eden space 503296K, 0% used [0x00000000d5580000,0x00000000d5580000,0x00000000f4100000)
  from space 92672K, 13% used [0x00000000f9880000,0x00000000fa4d6d60,0x00000000ff300000)
  to   space 89600K, 0% used [0x00000000f4100000,0x00000000f4100000,0x00000000f9880000)
 ParOldGen       total 525824K, used 431197K [0x0000000080000000, 0x00000000a0180000, 0x00000000d5580000)
  object space 525824K, 82% used [0x0000000080000000,0x000000009a517608,0x00000000a0180000)
 Metaspace       used 145012K, capacity 152070K, committed 152320K, reserved 1181696K
  class space    used 18491K, capacity 19832K, committed 19968K, reserved 1048576K
}
Event: 676.457 GC heap before
{Heap before GC invocations=103 (full 8):
 PSYoungGen      total 595968K, used 515931K [0x00000000d5580000, 0x00000000ff480000, 0x0000000100000000)
  eden space 503296K, 100% used [0x00000000d5580000,0x00000000f4100000,0x00000000f4100000)
  from space 92672K, 13% used [0x00000000f9880000,0x00000000fa4d6d60,0x00000000ff300000)
  to   space 89600K, 0% used [0x00000000f4100000,0x00000000f4100000,0x00000000f9880000)
 ParOldGen       total 525824K, used 431197K [0x0000000080000000, 0x00000000a0180000, 0x00000000d5580000)
  object space 525824K, 82% used [0x0000000080000000,0x000000009a517608,0x00000000a0180000)
 Metaspace       used 145015K, capacity 152070K, committed 152320K, reserved 1181696K
  class space    used 18491K, capacity 19832K, committed 19968K, reserved 1048576K
Event: 676.591 GC heap after
Heap after GC invocations=103 (full 8):
 PSYoungGen      total 592896K, used 23555K [0x00000000d5580000, 0x00000000ff300000, 0x0000000100000000)
  eden space 503296K, 0% used [0x00000000d5580000,0x00000000d5580000,0x00000000f4100000)
  from space 89600K, 26% used [0x00000000f4100000,0x00000000f5800db8,0x00000000f9880000)
  to   space 84480K, 0% used [0x00000000fa080000,0x00000000fa080000,0x00000000ff300000)
 ParOldGen       total 525824K, used 435607K [0x0000000080000000, 0x00000000a0180000, 0x00000000d5580000)
  object space 525824K, 82% used [0x0000000080000000,0x000000009a965ca8,0x00000000a0180000)
 Metaspace       used 145015K, capacity 152070K, committed 152320K, reserved 1181696K
  class space    used 18491K, capacity 19832K, committed 19968K, reserved 1048576K
}
Event: 677.752 GC heap before
{Heap before GC invocations=104 (full 8):
 PSYoungGen      total 592896K, used 526851K [0x00000000d5580000, 0x00000000ff300000, 0x0000000100000000)
  eden space 503296K, 100% used [0x00000000d5580000,0x00000000f4100000,0x00000000f4100000)
  from space 89600K, 26% used [0x00000000f4100000,0x00000000f5800db8,0x00000000f9880000)
  to   space 84480K, 0% used [0x00000000fa080000,0x00000000fa080000,0x00000000ff300000)
 ParOldGen       total 525824K, used 435607K [0x0000000080000000, 0x00000000a0180000, 0x00000000d5580000)
  object space 525824K, 82% used [0x0000000080000000,0x000000009a965ca8,0x00000000a0180000)
 Metaspace       used 145018K, capacity 152076K, committed 152320K, reserved 1181696K
  class space    used 18492K, capacity 19833K, committed 19968K, reserved 1048576K
Event: 677.874 GC heap after
Heap after GC invocations=104 (full 8):
 PSYoungGen      total 587776K, used 35220K [0x00000000d5580000, 0x00000000ff300000, 0x0000000100000000)
  eden space 503296K, 0% used [0x00000000d5580000,0x00000000d5580000,0x00000000f4100000)
  from space 84480K, 41% used [0x00000000fa080000,0x00000000fc2e5118,0x00000000ff300000)
  to   space 89600K, 0% used [0x00000000f4100000,0x00000000f4100000,0x00000000f9880000)
 ParOldGen       total 525824K, used 440541K [0x0000000080000000, 0x00000000a0180000, 0x00000000d5580000)
  object space 525824K, 83% used [0x0000000080000000,0x000000009ae375e0,0x00000000a0180000)
 Metaspace       used 145018K, capacity 152076K, committed 152320K, reserved 1181696K
  class space    used 18492K, capacity 19833K, committed 19968K, reserved 1048576K
}

